[0814/165534.617:ERROR:minidumpwritedump_with_crashpad_info.cc(435)] Failed to call MiniDumpWriteDump: Access is denied. (0x80070005)
[0814/165534.617:ERROR:minidumpwritedump_with_crashpad_info.cc(592)] Failed to write minidump file
[0814/165534.618:ERROR:crash_report_exception_handler.cc(132)] TryMiniDumpWriteDumpWithCrashpadInfo failed
[0814/165534.619:ERROR:process_memory_win.cc(73)] ReadMemory at 0x1b6d0f40000 of 64 bytes failed: Only part of a ReadProcessMemory or WriteProcessMemory request was completed. (0x12B)
[0814/165534.619:WARNING:pe_image_reader.cc(340)] could not read dos header from C:\Windows\System32\ADVAPI32.dll
[0814/165534.620:ERROR:process_memory_win.cc(73)] ReadMemory at 0x1b6d0a14500 of 72 bytes failed: Only part of a ReadProcessMemory or WriteProcessMemory request was completed. (0x12B)
[0814/165534.622:WARNING:pe_image_annotations_reader.cc(134)] could not read annotations list object in C:\Program Files (x86)\Microsoft\Edge\Application\84.0.522.59\msedge_elf.dll
[0814/165534.622:ERROR:process_memory_win.cc(73)] ReadMemory at 0x1b6d0f40000 of 64 bytes failed: Only part of a ReadProcessMemory or WriteProcessMemory request was completed. (0x12B)
[0814/165534.622:WARNING:pe_image_reader.cc(340)] could not read dos header from C:\Windows\System32\ADVAPI32.dll
[0814/165534.622:ERROR:process_memory_win.cc(73)] ReadMemory at 0x1b6d0f40000 of 64 bytes failed: Only part of a ReadProcessMemory or WriteProcessMemory request was completed. (0x12B)
[0814/165534.622:WARNING:pe_image_reader.cc(340)] could not read dos header from C:\Windows\System32\ADVAPI32.dll
[0814/165534.622:ERROR:process_memory_win.cc(73)] ReadMemory at 0x1b6d0a4c0a0 of 72 bytes failed: Only part of a ReadProcessMemory or WriteProcessMemory request was completed. (0x12B)
[0814/165534.622:WARNING:pe_image_annotations_reader.cc(134)] could not read annotations list object in C:\Program Files (x86)\Microsoft\Edge\Application\84.0.522.59\msedge.dll
[0814/165534.635:ERROR:process_memory_win.cc(73)] ReadMemory at 0x1b6d0a14500 of 72 bytes failed: Only part of a ReadProcessMemory or WriteProcessMemory request was completed. (0x12B)
[0814/165534.636:WARNING:pe_image_annotations_reader.cc(134)] could not read annotations list object in C:\Program Files (x86)\Microsoft\Edge\Application\84.0.522.59\msedge_elf.dll
[0814/165534.636:ERROR:process_memory_win.cc(73)] ReadMemory at 0x1b6d0f40000 of 64 bytes failed: Only part of a ReadProcessMemory or WriteProcessMemory request was completed. (0x12B)
[0814/165534.636:WARNING:pe_image_reader.cc(340)] could not read dos header from C:\Windows\System32\ADVAPI32.dll
[0814/165534.636:ERROR:process_memory_win.cc(73)] ReadMemory at 0x1b6d0a4c0a0 of 72 bytes failed: Only part of a ReadProcessMemory or WriteProcessMemory request was completed. (0x12B)
[0814/165534.636:WARNING:pe_image_annotations_reader.cc(134)] could not read annotations list object in C:\Program Files (x86)\Microsoft\Edge\Application\84.0.522.59\msedge.dll
[0814/165534.638:ERROR:process_memory_win.cc(73)] ReadMemory at 0x1b6d0a14500 of 72 bytes failed: Only part of a ReadProcessMemory or WriteProcessMemory request was completed. (0x12B)
[0814/165534.638:WARNING:pe_image_annotations_reader.cc(134)] could not read annotations list object in C:\Program Files (x86)\Microsoft\Edge\Application\84.0.522.59\msedge_elf.dll
[0814/165534.638:ERROR:process_memory_win.cc(73)] ReadMemory at 0x1b6d0f40000 of 64 bytes failed: Only part of a ReadProcessMemory or WriteProcessMemory request was completed. (0x12B)
[0814/165534.638:WARNING:pe_image_reader.cc(340)] could not read dos header from C:\Windows\System32\ADVAPI32.dll
[0814/165534.638:ERROR:process_memory_win.cc(73)] ReadMemory at 0x1b6d0a4c0a0 of 72 bytes failed: Only part of a ReadProcessMemory or WriteProcessMemory request was completed. (0x12B)
[0814/165534.638:WARNING:pe_image_annotations_reader.cc(134)] could not read annotations list object in C:\Program Files (x86)\Microsoft\Edge\Application\84.0.522.59\msedge.dll
[0814/165534.639:ERROR:process_memory_win.cc(73)] ReadMemory at 0x1b6d0a14500 of 72 bytes failed: Only part of a ReadProcessMemory or WriteProcessMemory request was completed. (0x12B)
[0814/165534.639:WARNING:pe_image_annotations_reader.cc(134)] could not read annotations list object in C:\Program Files (x86)\Microsoft\Edge\Application\84.0.522.59\msedge_elf.dll
[0814/165534.639:ERROR:process_memory_win.cc(73)] ReadMemory at 0x1b6d0f40000 of 64 bytes failed: Only part of a ReadProcessMemory or WriteProcessMemory request was completed. (0x12B)
[0814/165534.639:WARNING:pe_image_reader.cc(340)] could not read dos header from C:\Windows\System32\ADVAPI32.dll
[0814/165534.640:ERROR:process_memory_win.cc(73)] ReadMemory at 0x1b6d0a4c0a0 of 72 bytes failed: Only part of a ReadProcessMemory or WriteProcessMemory request was completed. (0x12B)
[0814/165534.640:WARNING:pe_image_annotations_reader.cc(134)] could not read annotations list object in C:\Program Files (x86)\Microsoft\Edge\Application\84.0.522.59\msedge.dll
[0814/165534.648:ERROR:process_memory_win.cc(73)] ReadMemory at 0x46831dd000 of 143360 bytes failed: Only part of a ReadProcessMemory or WriteProcessMemory request was completed. (0x12B)
[0814/165534.648:ERROR:process_memory_win.cc(73)] ReadMemory at 0x46839fe000 of 8192 bytes failed: Only part of a ReadProcessMemory or WriteProcessMemory request was completed. (0x12B)
[0814/165534.648:ERROR:process_memory_win.cc(73)] ReadMemory at 0x46841fd000 of 12288 bytes failed: Only part of a ReadProcessMemory or WriteProcessMemory request was completed. (0x12B)
[0814/165534.648:ERROR:process_memory_win.cc(73)] ReadMemory at 0x46851fd000 of 12288 bytes failed: Only part of a ReadProcessMemory or WriteProcessMemory request was completed. (0x12B)
[0814/165534.649:ERROR:process_memory_win.cc(73)] ReadMemory at 0x46859fc000 of 16384 bytes failed: Only part of a ReadProcessMemory or WriteProcessMemory request was completed. (0x12B)
[0814/165534.649:ERROR:process_memory_win.cc(73)] ReadMemory at 0x46861fd000 of 12288 bytes failed: Only part of a ReadProcessMemory or WriteProcessMemory request was completed. (0x12B)
[0814/165534.649:ERROR:process_memory_win.cc(73)] ReadMemory at 0x46869fb000 of 20480 bytes failed: Only part of a ReadProcessMemory or WriteProcessMemory request was completed. (0x12B)
[0814/165534.649:ERROR:process_memory_win.cc(73)] ReadMemory at 0x46871fd000 of 12288 bytes failed: Only part of a ReadProcessMemory or WriteProcessMemory request was completed. (0x12B)
[0814/165534.649:ERROR:process_memory_win.cc(73)] ReadMemory at 0x46879f9000 of 28672 bytes failed: Only part of a ReadProcessMemory or WriteProcessMemory request was completed. (0x12B)
[0814/165534.649:ERROR:process_memory_win.cc(73)] ReadMemory at 0x46881fd000 of 12288 bytes failed: Only part of a ReadProcessMemory or WriteProcessMemory request was completed. (0x12B)
[0814/165534.649:ERROR:process_memory_win.cc(73)] ReadMemory at 0x46889fd000 of 12288 bytes failed: Only part of a ReadProcessMemory or WriteProcessMemory request was completed. (0x12B)
[0814/165534.649:ERROR:process_memory_win.cc(73)] ReadMemory at 0x46899fc000 of 16384 bytes failed: Only part of a ReadProcessMemory or WriteProcessMemory request was completed. (0x12B)
[0814/165534.649:ERROR:process_memory_win.cc(73)] ReadMemory at 0x46828a4000 of 852 bytes failed: Only part of a ReadProcessMemory or WriteProcessMemory request was completed. (0x12B)
[0814/165534.649:ERROR:process_memory_win.cc(73)] ReadMemory at 0x46828a5000 of 6024 bytes failed: Only part of a ReadProcessMemory or WriteProcessMemory request was completed. (0x12B)
[0814/165534.649:ERROR:process_memory_win.cc(73)] ReadMemory at 0x46828a7000 of 6024 bytes failed: Only part of a ReadProcessMemory or WriteProcessMemory request was completed. (0x12B)
[0814/165534.650:ERROR:process_memory_win.cc(73)] ReadMemory at 0x46828a9000 of 6024 bytes failed: Only part of a ReadProcessMemory or WriteProcessMemory request was completed. (0x12B)
[0814/165534.650:ERROR:process_memory_win.cc(73)] ReadMemory at 0x46828ad000 of 6024 bytes failed: Only part of a ReadProcessMemory or WriteProcessMemory request was completed. (0x12B)
[0814/165534.650:ERROR:process_memory_win.cc(73)] ReadMemory at 0x46828af000 of 6024 bytes failed: Only part of a ReadProcessMemory or WriteProcessMemory request was completed. (0x12B)
[0814/165534.650:ERROR:process_memory_win.cc(73)] ReadMemory at 0x46828b1000 of 6024 bytes failed: Only part of a ReadProcessMemory or WriteProcessMemory request was completed. (0x12B)
[0814/165534.650:ERROR:process_memory_win.cc(73)] ReadMemory at 0x46828b3000 of 6024 bytes failed: Only part of a ReadProcessMemory or WriteProcessMemory request was completed. (0x12B)
[0814/165534.650:ERROR:process_memory_win.cc(73)] ReadMemory at 0x46828b5000 of 6024 bytes failed: Only part of a ReadProcessMemory or WriteProcessMemory request was completed. (0x12B)
[0814/165534.650:ERROR:process_memory_win.cc(73)] ReadMemory at 0x46828b7000 of 6024 bytes failed: Only part of a ReadProcessMemory or WriteProcessMemory request was completed. (0x12B)
[0814/165534.650:ERROR:process_memory_win.cc(73)] ReadMemory at 0x46828b9000 of 6024 bytes failed: Only part of a ReadProcessMemory or WriteProcessMemory request was completed. (0x12B)
[0814/165534.650:ERROR:process_memory_win.cc(73)] ReadMemory at 0x46828bb000 of 6024 bytes failed: Only part of a ReadProcessMemory or WriteProcessMemory request was completed. (0x12B)
[0814/165534.650:ERROR:process_memory_win.cc(73)] ReadMemory at 0x46828d7000 of 6024 bytes failed: Only part of a ReadProcessMemory or WriteProcessMemory request was completed. (0x12B)
[0814/165534.650:ERROR:process_memory_win.cc(73)] ReadMemory at 0x1b6d07b02c0 of 40 bytes failed: Only part of a ReadProcessMemory or WriteProcessMemory request was completed. (0x12B)
[0814/165534.650:ERROR:process_memory_win.cc(73)] ReadMemory at 0x1b6d09202c0 of 40 bytes failed: Only part of a ReadProcessMemory or WriteProcessMemory request was completed. (0x12B)
[0814/165534.650:ERROR:process_memory_win.cc(73)] ReadMemory at 0x1b6d0a027f0 of 4188 bytes failed: Only part of a ReadProcessMemory or WriteProcessMemory request was completed. (0x12B)
[0814/165534.651:ERROR:process_memory_win.cc(73)] ReadMemory at 0x1b6d0a03860 of 1012 bytes failed: Only part of a ReadProcessMemory or WriteProcessMemory request was completed. (0x12B)
[0814/165534.651:ERROR:process_memory_win.cc(73)] ReadMemory at 0x1b6d0a03ea8 of 120 bytes failed: Only part of a ReadProcessMemory or WriteProcessMemory request was completed. (0x12B)
[0814/165534.651:ERROR:process_memory_win.cc(73)] ReadMemory at 0x1b6d0a03f22 of 734 bytes failed: Only part of a ReadProcessMemory or WriteProcessMemory request was completed. (0x12B)
[0814/165534.651:ERROR:process_memory_win.cc(73)] ReadMemory at 0x1b6d0a04202 of 120 bytes failed: Only part of a ReadProcessMemory or WriteProcessMemory request was completed. (0x12B)
[0814/165534.651:ERROR:process_memory_win.cc(73)] ReadMemory at 0x1b6d0a0427c of 94 bytes failed: Only part of a ReadProcessMemory or WriteProcessMemory request was completed. (0x12B)
[0814/165534.651:ERROR:process_memory_win.cc(73)] ReadMemory at 0x1b6d0a042f0 of 58 bytes failed: Only part of a ReadProcessMemory or WriteProcessMemory request was completed. (0x12B)
[0814/165534.651:ERROR:process_memory_win.cc(73)] ReadMemory at 0x1b6d0a04400 of 132 bytes failed: Only part of a ReadProcessMemory or WriteProcessMemory request was completed. (0x12B)
[0814/165534.651:ERROR:process_memory_win.cc(73)] ReadMemory at 0x1b6d0a04590 of 132 bytes failed: Only part of a ReadProcessMemory or WriteProcessMemory request was completed. (0x12B)
[0814/165534.651:ERROR:process_memory_win.cc(73)] ReadMemory at 0x1b6d0a04b70 of 132 bytes failed: Only part of a ReadProcessMemory or WriteProcessMemory request was completed. (0x12B)
[0814/165534.651:ERROR:process_memory_win.cc(73)] ReadMemory at 0x1b6d0a04d00 of 64 bytes failed: Only part of a ReadProcessMemory or WriteProcessMemory request was completed. (0x12B)
[0814/165534.651:ERROR:process_memory_win.cc(73)] ReadMemory at 0x1b6d0a04ed0 of 132 bytes failed: Only part of a ReadProcessMemory or WriteProcessMemory request was completed. (0x12B)
[0814/165534.651:ERROR:process_memory_win.cc(73)] ReadMemory at 0x1b6d0a05190 of 132 bytes failed: Only part of a ReadProcessMemory or WriteProcessMemory request was completed. (0x12B)
[0814/165534.651:ERROR:process_memory_win.cc(73)] ReadMemory at 0x1b6d0a05320 of 68 bytes failed: Only part of a ReadProcessMemory or WriteProcessMemory request was completed. (0x12B)
[0814/165534.651:ERROR:process_memory_win.cc(73)] ReadMemory at 0x1b6d0a06330 of 152 bytes failed: Only part of a ReadProcessMemory or WriteProcessMemory request was completed. (0x12B)
[0814/165534.651:ERROR:process_memory_win.cc(73)] ReadMemory at 0x1b6d0a0ab81 of 512 bytes failed: Only part of a ReadProcessMemory or WriteProcessMemory request was completed. (0x12B)
[0814/165534.651:ERROR:process_memory_win.cc(73)] ReadMemory at 0x1b6d0a0f940 of 132 bytes failed: Only part of a ReadProcessMemory or WriteProcessMemory request was completed. (0x12B)
[0814/165534.652:ERROR:process_memory_win.cc(73)] ReadMemory at 0x1b6d0a0fb70 of 144 bytes failed: Only part of a ReadProcessMemory or WriteProcessMemory request was completed. (0x12B)
[0814/165534.652:ERROR:process_memory_win.cc(73)] ReadMemory at 0x1b6d0a11ce0 of 132 bytes failed: Only part of a ReadProcessMemory or WriteProcessMemory request was completed. (0x12B)
[0814/165534.652:ERROR:process_memory_win.cc(73)] ReadMemory at 0x1b6d0a14050 of 64 bytes failed: Only part of a ReadProcessMemory or WriteProcessMemory request was completed. (0x12B)
[0814/165534.652:ERROR:process_memory_win.cc(73)] ReadMemory at 0x1b6d0a14be0 of 66 bytes failed: Only part of a ReadProcessMemory or WriteProcessMemory request was completed. (0x12B)
[0814/165534.652:ERROR:process_memory_win.cc(73)] ReadMemory at 0x1b6d0a14eb0 of 64 bytes failed: Only part of a ReadProcessMemory or WriteProcessMemory request was completed. (0x12B)
[0814/165534.652:ERROR:process_memory_win.cc(73)] ReadMemory at 0x1b6d0a14f00 of 64 bytes failed: Only part of a ReadProcessMemory or WriteProcessMemory request was completed. (0x12B)
[0814/165534.652:ERROR:process_memory_win.cc(73)] ReadMemory at 0x1b6d0a17210 of 60 bytes failed: Only part of a ReadProcessMemory or WriteProcessMemory request was completed. (0x12B)
[0814/165534.652:ERROR:process_memory_win.cc(73)] ReadMemory at 0x1b6d0a17450 of 60 bytes failed: Only part of a ReadProcessMemory or WriteProcessMemory request was completed. (0x12B)
[0814/165534.652:ERROR:process_memory_win.cc(73)] ReadMemory at 0x1b6d0a17750 of 62 bytes failed: Only part of a ReadProcessMemory or WriteProcessMemory request was completed. (0x12B)
[0814/165534.652:ERROR:process_memory_win.cc(73)] ReadMemory at 0x1b6d0a18b80 of 132 bytes failed: Only part of a ReadProcessMemory or WriteProcessMemory request was completed. (0x12B)
[0814/165534.652:ERROR:process_memory_win.cc(73)] ReadMemory at 0x1b6d0a18da0 of 132 bytes failed: Only part of a ReadProcessMemory or WriteProcessMemory request was completed. (0x12B)
[0814/165534.652:ERROR:process_memory_win.cc(73)] ReadMemory at 0x1b6d0a19100 of 132 bytes failed: Only part of a ReadProcessMemory or WriteProcessMemory request was completed. (0x12B)
[0814/165534.652:ERROR:process_memory_win.cc(73)] ReadMemory at 0x1b6d0a19440 of 132 bytes failed: Only part of a ReadProcessMemory or WriteProcessMemory request was completed. (0x12B)
[0814/165534.652:ERROR:process_memory_win.cc(73)] ReadMemory at 0x1b6d0a19660 of 132 bytes failed: Only part of a ReadProcessMemory or WriteProcessMemory request was completed. (0x12B)
[0814/165534.652:ERROR:process_memory_win.cc(73)] ReadMemory at 0x1b6d0a19ea0 of 512 bytes failed: Only part of a ReadProcessMemory or WriteProcessMemory request was completed. (0x12B)
[0814/165534.652:ERROR:process_memory_win.cc(73)] ReadMemory at 0x1b6d0a1a4c0 of 132 bytes failed: Only part of a ReadProcessMemory or WriteProcessMemory request was completed. (0x12B)
[0814/165534.652:ERROR:process_memory_win.cc(73)] ReadMemory at 0x1b6d0a1a6e0 of 132 bytes failed: Only part of a ReadProcessMemory or WriteProcessMemory request was completed. (0x12B)
[0814/165534.653:ERROR:process_memory_win.cc(73)] ReadMemory at 0x1b6d0a1ace0 of 132 bytes failed: Only part of a ReadProcessMemory or WriteProcessMemory request was completed. (0x12B)
[0814/165534.653:ERROR:process_memory_win.cc(73)] ReadMemory at 0x1b6d0a1ae10 of 132 bytes failed: Only part of a ReadProcessMemory or WriteProcessMemory request was completed. (0x12B)
[0814/165534.653:ERROR:process_memory_win.cc(73)] ReadMemory at 0x1b6d0a1af40 of 80 bytes failed: Only part of a ReadProcessMemory or WriteProcessMemory request was completed. (0x12B)
[0814/165534.653:ERROR:process_memory_win.cc(73)] ReadMemory at 0x1b6d0a23b60 of 40 bytes failed: Only part of a ReadProcessMemory or WriteProcessMemory request was completed. (0x12B)
[0814/165534.653:ERROR:process_memory_win.cc(73)] ReadMemory at 0x1b6d0a23c60 of 80 bytes failed: Only part of a ReadProcessMemory or WriteProcessMemory request was completed. (0x12B)
[0814/165534.653:ERROR:process_memory_win.cc(73)] ReadMemory at 0x1b6d0a2b050 of 62 bytes failed: Only part of a ReadProcessMemory or WriteProcessMemory request was completed. (0x12B)
[0814/165534.653:ERROR:process_memory_win.cc(73)] ReadMemory at 0x1b6d0a2b0d0 of 62 bytes failed: Only part of a ReadProcessMemory or WriteProcessMemory request was completed. (0x12B)
[0814/165534.653:ERROR:process_memory_win.cc(73)] ReadMemory at 0x1b6d0a2b1d0 of 60 bytes failed: Only part of a ReadProcessMemory or WriteProcessMemory request was completed. (0x12B)
[0814/165534.653:ERROR:process_memory_win.cc(73)] ReadMemory at 0x1b6d0a2b210 of 62 bytes failed: Only part of a ReadProcessMemory or WriteProcessMemory request was completed. (0x12B)
[0814/165534.653:ERROR:process_memory_win.cc(73)] ReadMemory at 0x1b6d0a2b250 of 60 bytes failed: Only part of a ReadProcessMemory or WriteProcessMemory request was completed. (0x12B)
[0814/165534.653:ERROR:process_memory_win.cc(73)] ReadMemory at 0x1b6d0a2b290 of 62 bytes failed: Only part of a ReadProcessMemory or WriteProcessMemory request was completed. (0x12B)
[0814/165534.653:ERROR:process_memory_win.cc(73)] ReadMemory at 0x1b6d0a2b310 of 58 bytes failed: Only part of a ReadProcessMemory or WriteProcessMemory request was completed. (0x12B)
[0814/165534.653:ERROR:process_memory_win.cc(73)] ReadMemory at 0x1b6d0a2b350 of 62 bytes failed: Only part of a ReadProcessMemory or WriteProcessMemory request was completed. (0x12B)
[0814/165534.653:ERROR:process_memory_win.cc(73)] ReadMemory at 0x1b6d0a2b4d0 of 62 bytes failed: Only part of a ReadProcessMemory or WriteProcessMemory request was completed. (0x12B)
[0814/165534.653:ERROR:process_memory_win.cc(73)] ReadMemory at 0x1b6d0a2b550 of 60 bytes failed: Only part of a ReadProcessMemory or WriteProcessMemory request was completed. (0x12B)
[0814/165534.654:ERROR:process_memory_win.cc(73)] ReadMemory at 0x1b6d0a2b590 of 62 bytes failed: Only part of a ReadProcessMemory or WriteProcessMemory request was completed. (0x12B)
[0814/165534.654:ERROR:process_memory_win.cc(73)] ReadMemory at 0x1b6d0a2b690 of 60 bytes failed: Only part of a ReadProcessMemory or WriteProcessMemory request was completed. (0x12B)
[0814/165534.654:ERROR:process_memory_win.cc(73)] ReadMemory at 0x1b6d0a2b710 of 62 bytes failed: Only part of a ReadProcessMemory or WriteProcessMemory request was completed. (0x12B)
[0814/165534.654:ERROR:process_memory_win.cc(73)] ReadMemory at 0x1b6d0a2b850 of 60 bytes failed: Only part of a ReadProcessMemory or WriteProcessMemory request was completed. (0x12B)
[0814/165534.654:ERROR:process_memory_win.cc(73)] ReadMemory at 0x1b6d0a2bcd0 of 60 bytes failed: Only part of a ReadProcessMemory or WriteProcessMemory request was completed. (0x12B)
[0814/165534.654:ERROR:process_memory_win.cc(73)] ReadMemory at 0x1b6d0a2d040 of 132 bytes failed: Only part of a ReadProcessMemory or WriteProcessMemory request was completed. (0x12B)
[0814/165534.654:ERROR:process_memory_win.cc(73)] ReadMemory at 0x1b6d0a2d160 of 132 bytes failed: Only part of a ReadProcessMemory or WriteProcessMemory request was completed. (0x12B)
[0814/165534.654:ERROR:process_memory_win.cc(73)] ReadMemory at 0x1b6d0a2d280 of 132 bytes failed: Only part of a ReadProcessMemory or WriteProcessMemory request was completed. (0x12B)
[0814/165534.654:ERROR:process_memory_win.cc(73)] ReadMemory at 0x1b6d0a2d3a0 of 132 bytes failed: Only part of a ReadProcessMemory or WriteProcessMemory request was completed. (0x12B)
[0814/165534.654:ERROR:process_memory_win.cc(73)] ReadMemory at 0x1b6d0a2d4c0 of 132 bytes failed: Only part of a ReadProcessMemory or WriteProcessMemory request was completed. (0x12B)
[0814/165534.654:ERROR:process_memory_win.cc(73)] ReadMemory at 0x1b6d0a2d5e0 of 132 bytes failed: Only part of a ReadProcessMemory or WriteProcessMemory request was completed. (0x12B)
[0814/165534.654:ERROR:process_memory_win.cc(73)] ReadMemory at 0x1b6d0a2d700 of 132 bytes failed: Only part of a ReadProcessMemory or WriteProcessMemory request was completed. (0x12B)
[0814/165534.654:ERROR:process_memory_win.cc(73)] ReadMemory at 0x1b6d0a2d820 of 132 bytes failed: Only part of a ReadProcessMemory or WriteProcessMemory request was completed. (0x12B)
[0814/165534.654:ERROR:process_memory_win.cc(73)] ReadMemory at 0x1b6d0a2d940 of 132 bytes failed: Only part of a ReadProcessMemory or WriteProcessMemory request was completed. (0x12B)
[0814/165534.654:ERROR:process_memory_win.cc(73)] ReadMemory at 0x1b6d0a2da60 of 132 bytes failed: Only part of a ReadProcessMemory or WriteProcessMemory request was completed. (0x12B)
[0814/165534.654:ERROR:process_memory_win.cc(73)] ReadMemory at 0x1b6d0a2db80 of 132 bytes failed: Only part of a ReadProcessMemory or WriteProcessMemory request was completed. (0x12B)
[0814/165534.655:ERROR:process_memory_win.cc(73)] ReadMemory at 0x1b6d0a2ddc0 of 132 bytes failed: Only part of a ReadProcessMemory or WriteProcessMemory request was completed. (0x12B)
[0814/165534.655:ERROR:process_memory_win.cc(73)] ReadMemory at 0x1b6d0a2dee0 of 132 bytes failed: Only part of a ReadProcessMemory or WriteProcessMemory request was completed. (0x12B)
[0814/165534.655:ERROR:process_memory_win.cc(73)] ReadMemory at 0x1b6d0a2e4b0 of 64 bytes failed: Only part of a ReadProcessMemory or WriteProcessMemory request was completed. (0x12B)
[0814/165534.655:ERROR:process_memory_win.cc(73)] ReadMemory at 0x1b6d0a2e730 of 64 bytes failed: Only part of a ReadProcessMemory or WriteProcessMemory request was completed. (0x12B)
[0814/165534.655:ERROR:process_memory_win.cc(73)] ReadMemory at 0x1b6d0a2e820 of 64 bytes failed: Only part of a ReadProcessMemory or WriteProcessMemory request was completed. (0x12B)
[0814/165534.655:ERROR:process_memory_win.cc(73)] ReadMemory at 0x1b6d0a2e870 of 64 bytes failed: Only part of a ReadProcessMemory or WriteProcessMemory request was completed. (0x12B)
[0814/165534.655:ERROR:process_memory_win.cc(73)] ReadMemory at 0x1b6d0a2ee60 of 66 bytes failed: Only part of a ReadProcessMemory or WriteProcessMemory request was completed. (0x12B)
[0814/165534.655:ERROR:process_memory_win.cc(73)] ReadMemory at 0x1b6d0a30160 of 132 bytes failed: Only part of a ReadProcessMemory or WriteProcessMemory request was completed. (0x12B)
[0814/165534.655:ERROR:process_memory_win.cc(73)] ReadMemory at 0x1b6d0a304c0 of 132 bytes failed: Only part of a ReadProcessMemory or WriteProcessMemory request was completed. (0x12B)
[0814/165534.655:ERROR:process_memory_win.cc(73)] ReadMemory at 0x1b6d0a305e0 of 132 bytes failed: Only part of a ReadProcessMemory or WriteProcessMemory request was completed. (0x12B)
[0814/165534.655:ERROR:process_memory_win.cc(73)] ReadMemory at 0x1b6d0a30a60 of 132 bytes failed: Only part of a ReadProcessMemory or WriteProcessMemory request was completed. (0x12B)
[0814/165534.655:ERROR:process_memory_win.cc(73)] ReadMemory at 0x1b6d0a30ca0 of 132 bytes failed: Only part of a ReadProcessMemory or WriteProcessMemory request was completed. (0x12B)
[0814/165534.655:ERROR:process_memory_win.cc(73)] ReadMemory at 0x1b6d0a315a0 of 132 bytes failed: Only part of a ReadProcessMemory or WriteProcessMemory request was completed. (0x12B)
[0814/165534.655:ERROR:process_memory_win.cc(73)] ReadMemory at 0x1b6d0a44e80 of 124 bytes failed: Only part of a ReadProcessMemory or WriteProcessMemory request was completed. (0x12B)
[0814/165534.655:ERROR:process_memory_win.cc(73)] ReadMemory at 0x1b6d0a5f400 of 1040 bytes failed: Only part of a ReadProcessMemory or WriteProcessMemory request was completed. (0x12B)
[0814/165534.655:ERROR:process_memory_win.cc(73)] ReadMemory at 0x1b6d0a60f80 of 512 bytes failed: Only part of a ReadProcessMemory or WriteProcessMemory request was completed. (0x12B)
[0814/165534.655:ERROR:process_memory_win.cc(73)] ReadMemory at 0x1b6d0a7b880 of 512 bytes failed: Only part of a ReadProcessMemory or WriteProcessMemory request was completed. (0x12B)
[0814/165534.656:ERROR:process_memory_win.cc(73)] ReadMemory at 0x1b6d0a7d010 of 512 bytes failed: Only part of a ReadProcessMemory or WriteProcessMemory request was completed. (0x12B)
[0814/165534.656:ERROR:process_memory_win.cc(73)] ReadMemory at 0x1b6d0a8f090 of 512 bytes failed: Only part of a ReadProcessMemory or WriteProcessMemory request was completed. (0x12B)
[0814/165534.656:ERROR:process_memory_win.cc(73)] ReadMemory at 0x1b6d110f740 of 512 bytes failed: Only part of a ReadProcessMemory or WriteProcessMemory request was completed. (0x12B)
[0814/165534.656:ERROR:process_memory_win.cc(73)] ReadMemory at 0x1b6d1112110 of 512 bytes failed: Only part of a ReadProcessMemory or WriteProcessMemory request was completed. (0x12B)
[0814/165534.656:ERROR:process_memory_win.cc(73)] ReadMemory at 0x1b6d11a8490 of 512 bytes failed: Only part of a ReadProcessMemory or WriteProcessMemory request was completed. (0x12B)
[0814/165534.656:ERROR:process_memory_win.cc(73)] ReadMemory at 0x1b6d2a14b30 of 512 bytes failed: Only part of a ReadProcessMemory or WriteProcessMemory request was completed. (0x12B)
[0814/165534.656:ERROR:process_memory_win.cc(73)] ReadMemory at 0x1b6d2a332a0 of 40 bytes failed: Only part of a ReadProcessMemory or WriteProcessMemory request was completed. (0x12B)
[0814/165534.656:ERROR:process_memory_win.cc(73)] ReadMemory at 0x1b6d2a453c0 of 512 bytes failed: Only part of a ReadProcessMemory or WriteProcessMemory request was completed. (0x12B)
[0814/165534.656:ERROR:process_memory_win.cc(73)] ReadMemory at 0x1b6d2b1b210 of 512 bytes failed: Only part of a ReadProcessMemory or WriteProcessMemory request was completed. (0x12B)
[0814/165534.656:ERROR:process_memory_win.cc(73)] ReadMemory at 0x1b6d30b9000 of 384 bytes failed: Only part of a ReadProcessMemory or WriteProcessMemory request was completed. (0x12B)
[0814/165534.656:ERROR:process_memory_win.cc(73)] ReadMemory at 0x1b6d311fbf8 of 536 bytes failed: Only part of a ReadProcessMemory or WriteProcessMemory request was completed. (0x12B)
[0814/165534.656:ERROR:process_memory_win.cc(73)] ReadMemory at 0x1b6d314efd0 of 512 bytes failed: Only part of a ReadProcessMemory or WriteProcessMemory request was completed. (0x12B)
[0814/165534.656:ERROR:process_memory_win.cc(73)] ReadMemory at 0x2bd0d8edff80 of 128 bytes failed: Only part of a ReadProcessMemory or WriteProcessMemory request was completed. (0x12B)
[0814/165534.656:ERROR:process_memory_win.cc(73)] ReadMemory at 0x2bd0d9841380 of 512 bytes failed: Only part of a ReadProcessMemory or WriteProcessMemory request was completed. (0x12B)
[0814/165534.658:ERROR:scoped_process_suspend.cc(40)] NtResumeProcess: An attempt was made to access an exiting process. (0xc000010a)
